<?xml version="1.0" encoding="UTF-8"?>
<!-- Generated by org.testng.reporters.JUnitXMLReporter -->
<testsuite ignored="4" hostname="DESKTOP-G6OMV75" failures="0" tests="2" name="carloanTest" time="0.092" errors="0" timestamp="2024-06-21T13:57:17 IST">
  <testcase classname="test.Day2" name="carLoan" time="0.016"/>
  <testcase classname="test.Day1" name="carLoan" time="0.005"/>
  <testcase classname="test.Day1" name="personalLoan" time="0.0">
    <ignored/>
  </testcase> <!-- personalLoan -->
  <testcase classname="test.Day2" name="goldLoan" time="0.0">
    <ignored/>
  </testcase> <!-- goldLoan -->
  <testcase classname="test.Day1" name="goldLoan" time="0.0">
    <ignored/>
  </testcase> <!-- goldLoan -->
  <testcase classname="test.Day2" name="personalLoan" time="0.0">
    <ignored/>
  </testcase> <!-- personalLoan -->
</testsuite> <!-- carloanTest -->
