<?xml version="1.0" encoding="UTF-8"?>
<testng-results ignored="0" total="2" passed="2" failed="0" skipped="0">
  <reporter-output>
  </reporter-output>
  <suite started-at="2024-06-21T13:57:17 IST" name="Suite" finished-at="2024-06-21T13:57:17 IST" duration-ms="92">
    <groups>
    </groups>
    <test started-at="2024-06-21T13:57:17 IST" name="carloanTest" finished-at="2024-06-21T13:57:17 IST" duration-ms="92">
      <class name="test.Day1">
        <test-method signature="carLoan()[pri:0, instance:test.Day1@4686afc2]" started-at="2024-06-21T13:57:17 IST" name="carLoan" finished-at="2024-06-21T13:57:17 IST" duration-ms="5" status="PASS">
          <reporter-output>
          </reporter-output>
        </test-method> <!-- carLoan -->
      </class> <!-- test.Day1 -->
      <class name="test.Day2">
        <test-method signature="carLoan()[pri:0, instance:test.Day2@121314f7]" started-at="2024-06-21T13:57:17 IST" name="carLoan" finished-at="2024-06-21T13:57:17 IST" duration-ms="16" status="PASS">
          <reporter-output>
          </reporter-output>
        </test-method> <!-- carLoan -->
      </class> <!-- test.Day2 -->
    </test> <!-- carloanTest -->
  </suite> <!-- Suite -->
</testng-results>
